
Дата вызова функции 2023-01-21 время 12-03-01
Имя функции hello_world
Аргументы функции ((), {})
Функция возвращает значение Hello World
--------------------------------------------------

Дата вызова функции 2023-01-21 время 12-03-01
Имя функции summator
Аргументы функции ((2, 2), {})
Функция возвращает значение 4
--------------------------------------------------

Дата вызова функции 2023-01-21 время 12-03-01
Имя функции div
Аргументы функции ((6, 2), {})
Функция возвращает значение 3.0
--------------------------------------------------

Дата вызова функции 2023-01-21 время 12-03-01
Имя функции summator
Аргументы функции ((4.3,), {'b': 2.2})
Функция возвращает значение 6.5
--------------------------------------------------
